<?xml version="1.0" encoding="UTF-8"?>
<testsuite xmlns:xsi="http://www.w3.org/2001/XMLSchema-instance" xsi:schemaLocation="https://maven.apache.org/surefire/maven-surefire-plugin/xsd/surefire-test-report.xsd" name="TestSuite" time="37.753" tests="4" errors="0" skipped="0" failures="0">
  <properties>
[...]
</properties>
  <testcase name="addProductToCart" classname="browstack.BStackDemoTest" time="2.748"/>
  <testcase name="addProductToCart" classname="browstack.BStackDemoTest" time="5.915"/>
  <testcase name="addProductToCart" classname="browstack.BStackDemoTest" time="9.675"/>
  <testcase name="addProductToCart" classname="browstack.BStackDemoTest" time="16.798"/>
</testsuite>